<?xml version="1.0" encoding="UTF-8"?>
<!-- Generated by org.testng.reporters.JUnitReportReporter -->
<testsuite hostname="MaheshPC" failures="0" tests="4" name="testNG.TestNgAutomation" time="35.055" errors="0" timestamp="2023-02-08T16:10:18 IST" skipped="0">
  <testcase classname="testNG.TestNgAutomation" name="privacyPolicy" time="18.834"/>
  <system-out/>
  <testcase classname="testNG.TestNgAutomation" name="signupPage1" time="1.752"/>
  <system-out/>
  <testcase classname="testNG.TestNgAutomation" name="privacyPolicy" time="10.567"/>
  <system-out/>
  <testcase classname="testNG.TestNgAutomation" name="signupPage1" time="3.902"/>
  <system-out/>
</testsuite> <!-- testNG.TestNgAutomation -->
