<?xml version="1.0" encoding="UTF-8"?>
<!-- Generated by org.testng.reporters.JUnitReportReporter -->
<testsuite hostname="MaheshPC" failures="0" tests="6" name="testNG.TestNgTestClass" time="44.443" errors="0" timestamp="2023-02-08T16:10:18 IST" skipped="0">
  <testcase classname="testNG.TestNgTestClass" name="cookiesPolcy" time="8.124"/>
  <system-out/>
  <testcase classname="testNG.TestNgTestClass" name="privacyPolicy" time="4.836"/>
  <system-out/>
  <testcase classname="testNG.TestNgTestClass" name="signupPage" time="14.658"/>
  <system-out/>
  <testcase classname="testNG.TestNgTestClass" name="privacyPolicy" time="6.267"/>
  <system-out/>
  <testcase classname="testNG.TestNgTestClass" name="cookiesPolcy" time="7.820"/>
  <system-out/>
  <testcase classname="testNG.TestNgTestClass" name="signupPage" time="2.738"/>
  <system-out/>
</testsuite> <!-- testNG.TestNgTestClass -->
